\BOOKMARK [0][-]{chapter*.5}{\376\377\000\315\000n\000d\000i\000c\000e}{}% 1
\BOOKMARK [0][-]{chapter*.6}{\376\377\000L\000i\000s\000t\000a\000\040\000d\000e\000\040\000F\000i\000g\000u\000r\000a\000s}{}% 2
\BOOKMARK [0][-]{chapter*.7}{\376\377\000L\000i\000s\000t\000a\000\040\000d\000e\000\040\000T\000a\000b\000e\000l\000a\000s}{}% 3
\BOOKMARK [0][-]{chapter*.8}{\376\377\000L\000i\000s\000t\000a\000\040\000d\000e\000\040\000L\000i\000s\000t\000a\000g\000e\000n\000s}{}% 4
\BOOKMARK [0][-]{chapter.1}{\376\377\000I\000n\000t\000r\000o\000d\000u\000c\000t\000i\000o\000n}{}% 5
\BOOKMARK [1][-]{section.1.1}{\376\377\000C\000o\000n\000t\000e\000x\000t\000\040\000a\000n\000d\000\040\000M\000o\000t\000i\000v\000a\000t\000i\000o\000n}{chapter.1}% 6
\BOOKMARK [1][-]{section.1.2}{\376\377\000O\000b\000j\000e\000c\000t\000i\000v\000e\000s}{chapter.1}% 7
\BOOKMARK [1][-]{section.1.3}{\376\377\000D\000o\000c\000u\000m\000e\000n\000t\000\040\000S\000t\000r\000u\000c\000t\000u\000r\000e}{chapter.1}% 8
\BOOKMARK [0][-]{chapter.2}{\376\377\000S\000t\000a\000t\000e\000\040\000o\000f\000\040\000t\000h\000e\000\040\000A\000r\000t}{}% 9
\BOOKMARK [1][-]{section.2.1}{\376\377\000G\000a\000m\000i\000f\000i\000c\000a\000t\000i\000o\000n\000\040\000i\000n\000\040\000E\000d\000u\000c\000a\000t\000i\000o\000n}{chapter.2}% 10
\BOOKMARK [2][-]{subsection.2.1.1}{\376\377\000E\000v\000i\000d\000e\000n\000c\000e\000\040\000o\000f\000\040\000E\000f\000f\000e\000c\000t\000i\000v\000e\000n\000e\000s\000s}{section.2.1}% 11
\BOOKMARK [1][-]{section.2.2}{\376\377\000S\000e\000r\000i\000o\000u\000s\000\040\000G\000a\000m\000e\000s}{chapter.2}% 12
\BOOKMARK [1][-]{section.2.3}{\376\377\000M\000u\000l\000t\000i\000p\000l\000a\000t\000f\000o\000r\000m\000\040\000M\000o\000b\000i\000l\000e\000\040\000D\000e\000v\000e\000l\000o\000p\000m\000e\000n\000t}{chapter.2}% 13
\BOOKMARK [2][-]{subsection.2.3.1}{\376\377\000N\000a\000t\000i\000v\000e\000\040\000v\000e\000r\000s\000u\000s\000\040\000C\000r\000o\000s\000s\000-\000P\000l\000a\000t\000f\000o\000r\000m\000\040\000A\000p\000p\000r\000o\000a\000c\000h\000e\000s}{section.2.3}% 14
\BOOKMARK [2][-]{subsection.2.3.2}{\376\377\000J\000u\000s\000t\000i\000f\000i\000c\000a\000t\000i\000o\000n\000\040\000f\000o\000r\000\040\000K\000o\000t\000l\000i\000n\000\040\000M\000u\000l\000t\000i\000p\000l\000a\000t\000f\000o\000r\000m\000\040\000a\000n\000d\000\040\000C\000o\000m\000p\000o\000s\000e\000\040\000M\000u\000l\000t\000i\000p\000l\000a\000t\000f\000o\000r\000m}{section.2.3}% 15
\BOOKMARK [1][-]{section.2.4}{\376\377\000A\000I\000-\000G\000e\000n\000e\000r\000a\000t\000e\000d\000\040\000C\000o\000n\000t\000e\000n\000t\000\040\000i\000n\000\040\000E\000d\000u\000c\000a\000t\000i\000o\000n}{chapter.2}% 16
\BOOKMARK [2][-]{subsection.2.4.1}{\376\377\000L\000a\000r\000g\000e\000\040\000L\000a\000n\000g\000u\000a\000g\000e\000\040\000M\000o\000d\000e\000l\000s\000\040\000f\000o\000r\000\040\000E\000d\000u\000c\000a\000t\000i\000o\000n\000a\000l\000\040\000C\000o\000n\000t\000e\000n\000t}{section.2.4}% 17
\BOOKMARK [2][-]{subsection.2.4.2}{\376\377\000L\000a\000n\000g\000C\000h\000a\000i\000n\0004\000j\000\040\000a\000n\000d\000\040\000t\000h\000e\000\040\000M\000i\000s\000t\000r\000a\000l\000\040\000A\000P\000I}{section.2.4}% 18
\BOOKMARK [1][-]{section.2.5}{\376\377\000R\000e\000l\000a\000t\000e\000d\000\040\000P\000l\000a\000t\000f\000o\000r\000m\000s}{chapter.2}% 19
\BOOKMARK [0][-]{chapter.3}{\376\377\000T\000u\000t\000o\000r\000i\000a\000l\000\040\000d\000e\000\040\000L\000a\000T\000e\000X\000\040\000c\000o\000m\000\040\000e\000x\000e\000m\000p\000l\000o\000s}{}% 20
\BOOKMARK [1][-]{section.3.1}{\376\377\000T\000a\000b\000e\000l\000a\000s}{chapter.3}% 21
\BOOKMARK [1][-]{section.3.2}{\376\377\000I\000m\000p\000o\000r\000t\000a\000r\000\040\000F\000i\000g\000u\000r\000a\000s}{chapter.3}% 22
\BOOKMARK [2][-]{subsection.3.2.1}{\376\377\000I\000n\000s\000e\000r\000i\000r\000\040\000f\000i\000g\000u\000r\000a\000s\000\040\000l\000a\000d\000o\000-\000a\000-\000l\000a\000d\000o\000\040\000c\000o\000m\000\040\000t\000e\000x\000t\000o}{section.3.2}% 23
\BOOKMARK [2][-]{subsection.3.2.2}{\376\377\000O\000u\000t\000r\000a\000s\000\040\000i\000m\000a\000g\000e\000n\000s}{section.3.2}% 24
\BOOKMARK [1][-]{section.3.3}{\376\377\000L\000i\000s\000t\000a\000g\000e\000n\000s}{chapter.3}% 25
\BOOKMARK [0][-]{chapter*.12}{\376\377\000R\000e\000f\000e\000r\000\352\000n\000c\000i\000a\000s}{}% 26
\BOOKMARK [0][-]{appendix.A}{\376\377\000A\000p\000p\000l\000i\000e\000d\000\040\000S\000u\000r\000v\000i\000v\000a\000l\000\040\000A\000n\000a\000l\000y\000s\000i\000s\000\040\000b\000y\000\040\000H\000o\000s\000m\000e\000r\000\040\000a\000n\000d\000\040\000L\000e\000m\000e\000s\000h\000o\000w}{}% 27
